<?xml version="1.0" encoding="UTF-8"?>
<testng-results skipped="0" failed="0" ignored="0" total="7" passed="7">
  <reporter-output>
  </reporter-output>
  <suite name="Suite" duration-ms="17494" started-at="2021-10-26T05:33:32Z" finished-at="2021-10-26T05:33:49Z">
    <groups>
    </groups>
    <test name="Test" duration-ms="17494" started-at="2021-10-26T05:33:32Z" finished-at="2021-10-26T05:33:49Z">
      <class name="com.jbk.test.LoginTest">
        <test-method status="PASS" signature="inValidLoginTest()[pri:0, instance:com.jbk.test.LoginTest@6f1fba17]" name="inValidLoginTest" duration-ms="1466" started-at="2021-10-26T11:03:33Z" finished-at="2021-10-26T11:03:34Z">
          <reporter-output>
          </reporter-output>
        </test-method> <!-- inValidLoginTest -->
        <test-method status="PASS" signature="verifyBlankData()[pri:0, instance:com.jbk.test.LoginTest@6f1fba17]" name="verifyBlankData" duration-ms="256" started-at="2021-10-26T11:03:34Z" finished-at="2021-10-26T11:03:34Z">
          <reporter-output>
          </reporter-output>
        </test-method> <!-- verifyBlankData -->
        <test-method status="PASS" signature="verifyTitle()[pri:0, instance:com.jbk.test.LoginTest@6f1fba17]" name="verifyTitle" duration-ms="14822" started-at="2021-10-26T11:03:34Z" finished-at="2021-10-26T11:03:49Z">
          <reporter-output>
          </reporter-output>
        </test-method> <!-- verifyTitle -->
      </class> <!-- com.jbk.test.LoginTest -->
      <class name="com.jbk.test.DashBoardTest">
        <test-method status="PASS" signature="OpenUrl()[pri:0, instance:com.jbk.test.DashBoardTest@3e9b1010]" name="OpenUrl" is-config="true" duration-ms="11216" started-at="2021-10-26T11:02:39Z" finished-at="2021-10-26T11:02:50Z">
          <reporter-output>
          </reporter-output>
        </test-method> <!-- OpenUrl -->
        <test-method status="PASS" signature="browserSetup()[pri:0, instance:com.jbk.test.LoginTest@6f1fba17]" name="browserSetup" is-config="true" duration-ms="10296" started-at="2021-10-26T11:02:50Z" finished-at="2021-10-26T11:03:01Z">
          <reporter-output>
          </reporter-output>
        </test-method> <!-- browserSetup -->
        <test-method status="PASS" signature="logineuser()[pri:0, instance:com.jbk.test.UserTest@6c3708b3]" name="logineuser" is-config="true" duration-ms="31284" started-at="2021-10-26T11:03:01Z" finished-at="2021-10-26T11:03:32Z">
          <reporter-output>
          </reporter-output>
        </test-method> <!-- logineuser -->
        <test-method status="PASS" signature="verifyUser()[pri:0, instance:com.jbk.test.DashBoardTest@3e9b1010]" name="verifyUser" duration-ms="409" started-at="2021-10-26T11:03:32Z" finished-at="2021-10-26T11:03:32Z">
          <reporter-output>
          </reporter-output>
        </test-method> <!-- verifyUser -->
        <test-method status="PASS" signature="wlogout()[pri:0, instance:com.jbk.test.DashBoardTest@3e9b1010]" name="wlogout" duration-ms="254" started-at="2021-10-26T11:03:32Z" finished-at="2021-10-26T11:03:33Z">
          <reporter-output>
          </reporter-output>
        </test-method> <!-- wlogout -->
      </class> <!-- com.jbk.test.DashBoardTest -->
      <class name="com.jbk.test.UserTest">
        <test-method status="PASS" signature="HeadingName()[pri:0, instance:com.jbk.test.UserTest@6c3708b3]" name="HeadingName" duration-ms="204" started-at="2021-10-26T11:03:33Z" finished-at="2021-10-26T11:03:33Z">
          <reporter-output>
          </reporter-output>
        </test-method> <!-- HeadingName -->
        <test-method status="PASS" signature="TotalHeadings()[pri:0, instance:com.jbk.test.UserTest@6c3708b3]" name="TotalHeadings" duration-ms="26" started-at="2021-10-26T11:03:33Z" finished-at="2021-10-26T11:03:33Z">
          <reporter-output>
          </reporter-output>
        </test-method> <!-- TotalHeadings -->
      </class> <!-- com.jbk.test.UserTest -->
    </test> <!-- Test -->
  </suite> <!-- Suite -->
</testng-results>
