<?xml version="1.0" encoding="UTF-8"?>
<!-- Generated by org.testng.reporters.JUnitXMLReporter -->
<testsuite hostname="Lokesh-PC" ignored="0" name="Test" tests="7" failures="0" timestamp="26 Oct 2021 05:33:49 GMT" time="17.494" errors="0">
  <testcase name="verifyUser" time="0.409" classname="com.jbk.test.DashBoardTest"/>
  <testcase name="wlogout" time="0.254" classname="com.jbk.test.DashBoardTest"/>
  <testcase name="HeadingName" time="0.204" classname="com.jbk.test.UserTest"/>
  <testcase name="TotalHeadings" time="0.026" classname="com.jbk.test.UserTest"/>
  <testcase name="inValidLoginTest" time="1.466" classname="com.jbk.test.LoginTest"/>
  <testcase name="verifyBlankData" time="0.256" classname="com.jbk.test.LoginTest"/>
  <testcase name="verifyTitle" time="14.822" classname="com.jbk.test.LoginTest"/>
</testsuite> <!-- Test -->
